

Microchip MPLAB XC8 Assembler V2.20 build 20200408173844 
                                                                                               Fri Jun 05 13:05:07 2020

Microchip MPLAB XC8 C Compiler v2.20 (Free license) build 20200408173844 Og1 
     1                           	processor	16F15244
     2                           	pagewidth 120
     3                           	opt	flic
     4                           	psect	cinit,global,class=CODE,merge=1,delta=2
     5                           	psect	cstackCOMMON,global,class=COMMON,space=1,delta=1,noexec
     6                           	psect	maintext,global,class=CODE,merge=1,split=1,delta=2
     7                           	psect	text1,local,class=CODE,merge=1,delta=2
     8                           	psect	text2,local,class=CODE,merge=1,delta=2
     9                           	psect	text3,local,class=CODE,merge=1,delta=2
    10                           	psect	text4,local,class=CODE,merge=1,delta=2
    11                           	psect	text5,local,class=CODE,merge=1,delta=2
    12                           	psect	text6,local,class=CODE,merge=1,delta=2
    13                           	psect	config,global,abs,ovrld,class=CONFIG,space=4,delta=2,noexec
    14                           	dabs	1,0x7E,2
    15  0000                     
    16                           ; Version 2.20
    17                           ; Generated 30/04/2020 GMT
    18                           ; 
    19                           ; Copyright © 2020, Microchip Technology Inc. and its subsidiaries ("Microchip")
    20                           ; All rights reserved.
    21                           ; 
    22                           ; This software is developed by Microchip Technology Inc. and its subsidiaries ("Microch
      +                          ip").
    23                           ; 
    24                           ; Redistribution and use in source and binary forms, with or without modification, are
    25                           ; permitted provided that the following conditions are met:
    26                           ; 
    27                           ;     1. Redistributions of source code must retain the above copyright notice, this lis
      +                          t of
    28                           ;        conditions and the following disclaimer.
    29                           ; 
    30                           ;     2. Redistributions in binary form must reproduce the above copyright notice, this 
      +                          list
    31                           ;        of conditions and the following disclaimer in the documentation and/or other
    32                           ;        materials provided with the distribution.
    33                           ; 
    34                           ;     3. Microchip's name may not be used to endorse or promote products derived from th
      +                          is
    35                           ;        software without specific prior written permission.
    36                           ; 
    37                           ; THIS SOFTWARE IS PROVIDED BY MICROCHIP "AS IS" AND ANY EXPRESS OR IMPLIED WARRANTIES,
    38                           ; INCLUDING, BUT NOT LIMITED TO, THE IMPLIED WARRANTIES OF MERCHANTABILITY AND FITNESS F
      +                          OR
    39                           ; PURPOSE ARE DISCLAIMED.  IN NO EVENT SHALL MICROCHIP BE LIABLE FOR ANY DIRECT, INDIREC
      +                          T,
    40                           ; INCIDENTAL, SPECIAL, EXEMPLARY, OR CONSEQUENTIAL DAMAGES (INCLUDING BUT NOT LIMITED TO
    41                           ; PROCUREMENT OF SUBSTITUTE GOODS OR SERVICES; LOSS OF USE, DATA OR PROFITS; OR BUSINESS
    42                           ; INTERRUPTION) HOWSOEVER CAUSED AND ON ANY THEORY OF LIABILITY, WHETHER IN CONTRACT, ST
      +                          RICT
    43                           ; LIABILITY, OR TORT (INCLUDING NEGLIGENCE OR OTHERWISE) ARISING IN ANY WAY OUT OF THE U
      +                          SE OF
    44                           ; THIS SOFTWARE, EVEN IF ADVISED OF THE POSSIBILITY OF SUCH DAMAGE.
    45                           ; 
    46                           ; 
    47                           ; Code-generator required, PIC16F15244 Definitions
    48                           ; 
    49                           ; SFR Addresses
    50  0000                     	;# 
    51  0001                     	;# 
    52  0002                     	;# 
    53  0003                     	;# 
    54  0004                     	;# 
    55  0005                     	;# 
    56  0006                     	;# 
    57  0007                     	;# 
    58  0008                     	;# 
    59  0009                     	;# 
    60  000A                     	;# 
    61  000B                     	;# 
    62  000C                     	;# 
    63  000D                     	;# 
    64  000E                     	;# 
    65  0012                     	;# 
    66  0013                     	;# 
    67  0014                     	;# 
    68  0018                     	;# 
    69  0019                     	;# 
    70  001A                     	;# 
    71  009A                     	;# 
    72  009B                     	;# 
    73  009B                     	;# 
    74  009C                     	;# 
    75  009D                     	;# 
    76  009E                     	;# 
    77  009F                     	;# 
    78  010C                     	;# 
    79  010D                     	;# 
    80  0119                     	;# 
    81  011A                     	;# 
    82  011B                     	;# 
    83  011B                     	;# 
    84  011C                     	;# 
    85  011D                     	;# 
    86  011E                     	;# 
    87  011F                     	;# 
    88  018C                     	;# 
    89  018D                     	;# 
    90  018E                     	;# 
    91  018F                     	;# 
    92  0190                     	;# 
    93  0191                     	;# 
    94  0192                     	;# 
    95  020C                     	;# 
    96  020D                     	;# 
    97  020E                     	;# 
    98  020E                     	;# 
    99  020F                     	;# 
   100  020F                     	;# 
   101  0210                     	;# 
   102  0210                     	;# 
   103  0211                     	;# 
   104  0211                     	;# 
   105  028C                     	;# 
   106  028C                     	;# 
   107  028D                     	;# 
   108  028D                     	;# 
   109  028E                     	;# 
   110  028F                     	;# 
   111  0290                     	;# 
   112  0291                     	;# 
   113  030C                     	;# 
   114  030C                     	;# 
   115  030D                     	;# 
   116  030E                     	;# 
   117  030F                     	;# 
   118  0310                     	;# 
   119  0310                     	;# 
   120  0311                     	;# 
   121  0312                     	;# 
   122  0313                     	;# 
   123  0314                     	;# 
   124  0314                     	;# 
   125  0315                     	;# 
   126  0316                     	;# 
   127  0318                     	;# 
   128  0318                     	;# 
   129  0319                     	;# 
   130  031A                     	;# 
   131  059C                     	;# 
   132  059C                     	;# 
   133  059D                     	;# 
   134  059D                     	;# 
   135  059E                     	;# 
   136  059F                     	;# 
   137  070C                     	;# 
   138  070D                     	;# 
   139  070E                     	;# 
   140  0716                     	;# 
   141  0717                     	;# 
   142  0718                     	;# 
   143  080C                     	;# 
   144  0811                     	;# 
   145  0813                     	;# 
   146  0814                     	;# 
   147  081A                     	;# 
   148  081A                     	;# 
   149  081B                     	;# 
   150  081C                     	;# 
   151  081C                     	;# 
   152  081D                     	;# 
   153  081E                     	;# 
   154  081F                     	;# 
   155  088E                     	;# 
   156  0890                     	;# 
   157  0891                     	;# 
   158  0892                     	;# 
   159  0893                     	;# 
   160  090C                     	;# 
   161  1E8F                     	;# 
   162  1E90                     	;# 
   163  1E91                     	;# 
   164  1E92                     	;# 
   165  1E93                     	;# 
   166  1E9C                     	;# 
   167  1EA1                     	;# 
   168  1EA2                     	;# 
   169  1EC3                     	;# 
   170  1EC5                     	;# 
   171  1EC6                     	;# 
   172  1EC7                     	;# 
   173  1ECB                     	;# 
   174  1ECB                     	;# 
   175  1ECB                     	;# 
   176  1ECC                     	;# 
   177  1ECC                     	;# 
   178  1ECC                     	;# 
   179  1F10                     	;# 
   180  1F11                     	;# 
   181  1F12                     	;# 
   182  1F14                     	;# 
   183  1F15                     	;# 
   184  1F1C                     	;# 
   185  1F1D                     	;# 
   186  1F1E                     	;# 
   187  1F1F                     	;# 
   188  1F20                     	;# 
   189  1F21                     	;# 
   190  1F22                     	;# 
   191  1F23                     	;# 
   192  1F24                     	;# 
   193  1F25                     	;# 
   194  1F26                     	;# 
   195  1F27                     	;# 
   196  1F38                     	;# 
   197  1F39                     	;# 
   198  1F3A                     	;# 
   199  1F3B                     	;# 
   200  1F3C                     	;# 
   201  1F3D                     	;# 
   202  1F3E                     	;# 
   203  1F3F                     	;# 
   204  1F43                     	;# 
   205  1F44                     	;# 
   206  1F45                     	;# 
   207  1F46                     	;# 
   208  1F47                     	;# 
   209  1F48                     	;# 
   210  1F49                     	;# 
   211  1F4A                     	;# 
   212  1F4E                     	;# 
   213  1F4F                     	;# 
   214  1F50                     	;# 
   215  1F51                     	;# 
   216  1F52                     	;# 
   217  1F53                     	;# 
   218  1F54                     	;# 
   219  1F55                     	;# 
   220  1FE4                     	;# 
   221  1FE5                     	;# 
   222  1FE6                     	;# 
   223  1FE7                     	;# 
   224  1FE8                     	;# 
   225  1FE8                     	;# 
   226  1FE9                     	;# 
   227  1FEA                     	;# 
   228  1FEB                     	;# 
   229  1FED                     	;# 
   230  1FEE                     	;# 
   231  1FEF                     	;# 
   232  0000                     	;# 
   233  0001                     	;# 
   234  0002                     	;# 
   235  0003                     	;# 
   236  0004                     	;# 
   237  0005                     	;# 
   238  0006                     	;# 
   239  0007                     	;# 
   240  0008                     	;# 
   241  0009                     	;# 
   242  000A                     	;# 
   243  000B                     	;# 
   244  000C                     	;# 
   245  000D                     	;# 
   246  000E                     	;# 
   247  0012                     	;# 
   248  0013                     	;# 
   249  0014                     	;# 
   250  0018                     	;# 
   251  0019                     	;# 
   252  001A                     	;# 
   253  009A                     	;# 
   254  009B                     	;# 
   255  009B                     	;# 
   256  009C                     	;# 
   257  009D                     	;# 
   258  009E                     	;# 
   259  009F                     	;# 
   260  010C                     	;# 
   261  010D                     	;# 
   262  0119                     	;# 
   263  011A                     	;# 
   264  011B                     	;# 
   265  011B                     	;# 
   266  011C                     	;# 
   267  011D                     	;# 
   268  011E                     	;# 
   269  011F                     	;# 
   270  018C                     	;# 
   271  018D                     	;# 
   272  018E                     	;# 
   273  018F                     	;# 
   274  0190                     	;# 
   275  0191                     	;# 
   276  0192                     	;# 
   277  020C                     	;# 
   278  020D                     	;# 
   279  020E                     	;# 
   280  020E                     	;# 
   281  020F                     	;# 
   282  020F                     	;# 
   283  0210                     	;# 
   284  0210                     	;# 
   285  0211                     	;# 
   286  0211                     	;# 
   287  028C                     	;# 
   288  028C                     	;# 
   289  028D                     	;# 
   290  028D                     	;# 
   291  028E                     	;# 
   292  028F                     	;# 
   293  0290                     	;# 
   294  0291                     	;# 
   295  030C                     	;# 
   296  030C                     	;# 
   297  030D                     	;# 
   298  030E                     	;# 
   299  030F                     	;# 
   300  0310                     	;# 
   301  0310                     	;# 
   302  0311                     	;# 
   303  0312                     	;# 
   304  0313                     	;# 
   305  0314                     	;# 
   306  0314                     	;# 
   307  0315                     	;# 
   308  0316                     	;# 
   309  0318                     	;# 
   310  0318                     	;# 
   311  0319                     	;# 
   312  031A                     	;# 
   313  059C                     	;# 
   314  059C                     	;# 
   315  059D                     	;# 
   316  059D                     	;# 
   317  059E                     	;# 
   318  059F                     	;# 
   319  070C                     	;# 
   320  070D                     	;# 
   321  070E                     	;# 
   322  0716                     	;# 
   323  0717                     	;# 
   324  0718                     	;# 
   325  080C                     	;# 
   326  0811                     	;# 
   327  0813                     	;# 
   328  0814                     	;# 
   329  081A                     	;# 
   330  081A                     	;# 
   331  081B                     	;# 
   332  081C                     	;# 
   333  081C                     	;# 
   334  081D                     	;# 
   335  081E                     	;# 
   336  081F                     	;# 
   337  088E                     	;# 
   338  0890                     	;# 
   339  0891                     	;# 
   340  0892                     	;# 
   341  0893                     	;# 
   342  090C                     	;# 
   343  1E8F                     	;# 
   344  1E90                     	;# 
   345  1E91                     	;# 
   346  1E92                     	;# 
   347  1E93                     	;# 
   348  1E9C                     	;# 
   349  1EA1                     	;# 
   350  1EA2                     	;# 
   351  1EC3                     	;# 
   352  1EC5                     	;# 
   353  1EC6                     	;# 
   354  1EC7                     	;# 
   355  1ECB                     	;# 
   356  1ECB                     	;# 
   357  1ECB                     	;# 
   358  1ECC                     	;# 
   359  1ECC                     	;# 
   360  1ECC                     	;# 
   361  1F10                     	;# 
   362  1F11                     	;# 
   363  1F12                     	;# 
   364  1F14                     	;# 
   365  1F15                     	;# 
   366  1F1C                     	;# 
   367  1F1D                     	;# 
   368  1F1E                     	;# 
   369  1F1F                     	;# 
   370  1F20                     	;# 
   371  1F21                     	;# 
   372  1F22                     	;# 
   373  1F23                     	;# 
   374  1F24                     	;# 
   375  1F25                     	;# 
   376  1F26                     	;# 
   377  1F27                     	;# 
   378  1F38                     	;# 
   379  1F39                     	;# 
   380  1F3A                     	;# 
   381  1F3B                     	;# 
   382  1F3C                     	;# 
   383  1F3D                     	;# 
   384  1F3E                     	;# 
   385  1F3F                     	;# 
   386  1F43                     	;# 
   387  1F44                     	;# 
   388  1F45                     	;# 
   389  1F46                     	;# 
   390  1F47                     	;# 
   391  1F48                     	;# 
   392  1F49                     	;# 
   393  1F4A                     	;# 
   394  1F4E                     	;# 
   395  1F4F                     	;# 
   396  1F50                     	;# 
   397  1F51                     	;# 
   398  1F52                     	;# 
   399  1F53                     	;# 
   400  1F54                     	;# 
   401  1F55                     	;# 
   402  1FE4                     	;# 
   403  1FE5                     	;# 
   404  1FE6                     	;# 
   405  1FE7                     	;# 
   406  1FE8                     	;# 
   407  1FE8                     	;# 
   408  1FE9                     	;# 
   409  1FEA                     	;# 
   410  1FEB                     	;# 
   411  1FED                     	;# 
   412  1FEE                     	;# 
   413  1FEF                     	;# 
   414  0000                     	;# 
   415  0001                     	;# 
   416  0002                     	;# 
   417  0003                     	;# 
   418  0004                     	;# 
   419  0005                     	;# 
   420  0006                     	;# 
   421  0007                     	;# 
   422  0008                     	;# 
   423  0009                     	;# 
   424  000A                     	;# 
   425  000B                     	;# 
   426  000C                     	;# 
   427  000D                     	;# 
   428  000E                     	;# 
   429  0012                     	;# 
   430  0013                     	;# 
   431  0014                     	;# 
   432  0018                     	;# 
   433  0019                     	;# 
   434  001A                     	;# 
   435  009A                     	;# 
   436  009B                     	;# 
   437  009B                     	;# 
   438  009C                     	;# 
   439  009D                     	;# 
   440  009E                     	;# 
   441  009F                     	;# 
   442  010C                     	;# 
   443  010D                     	;# 
   444  0119                     	;# 
   445  011A                     	;# 
   446  011B                     	;# 
   447  011B                     	;# 
   448  011C                     	;# 
   449  011D                     	;# 
   450  011E                     	;# 
   451  011F                     	;# 
   452  018C                     	;# 
   453  018D                     	;# 
   454  018E                     	;# 
   455  018F                     	;# 
   456  0190                     	;# 
   457  0191                     	;# 
   458  0192                     	;# 
   459  020C                     	;# 
   460  020D                     	;# 
   461  020E                     	;# 
   462  020E                     	;# 
   463  020F                     	;# 
   464  020F                     	;# 
   465  0210                     	;# 
   466  0210                     	;# 
   467  0211                     	;# 
   468  0211                     	;# 
   469  028C                     	;# 
   470  028C                     	;# 
   471  028D                     	;# 
   472  028D                     	;# 
   473  028E                     	;# 
   474  028F                     	;# 
   475  0290                     	;# 
   476  0291                     	;# 
   477  030C                     	;# 
   478  030C                     	;# 
   479  030D                     	;# 
   480  030E                     	;# 
   481  030F                     	;# 
   482  0310                     	;# 
   483  0310                     	;# 
   484  0311                     	;# 
   485  0312                     	;# 
   486  0313                     	;# 
   487  0314                     	;# 
   488  0314                     	;# 
   489  0315                     	;# 
   490  0316                     	;# 
   491  0318                     	;# 
   492  0318                     	;# 
   493  0319                     	;# 
   494  031A                     	;# 
   495  059C                     	;# 
   496  059C                     	;# 
   497  059D                     	;# 
   498  059D                     	;# 
   499  059E                     	;# 
   500  059F                     	;# 
   501  070C                     	;# 
   502  070D                     	;# 
   503  070E                     	;# 
   504  0716                     	;# 
   505  0717                     	;# 
   506  0718                     	;# 
   507  080C                     	;# 
   508  0811                     	;# 
   509  0813                     	;# 
   510  0814                     	;# 
   511  081A                     	;# 
   512  081A                     	;# 
   513  081B                     	;# 
   514  081C                     	;# 
   515  081C                     	;# 
   516  081D                     	;# 
   517  081E                     	;# 
   518  081F                     	;# 
   519  088E                     	;# 
   520  0890                     	;# 
   521  0891                     	;# 
   522  0892                     	;# 
   523  0893                     	;# 
   524  090C                     	;# 
   525  1E8F                     	;# 
   526  1E90                     	;# 
   527  1E91                     	;# 
   528  1E92                     	;# 
   529  1E93                     	;# 
   530  1E9C                     	;# 
   531  1EA1                     	;# 
   532  1EA2                     	;# 
   533  1EC3                     	;# 
   534  1EC5                     	;# 
   535  1EC6                     	;# 
   536  1EC7                     	;# 
   537  1ECB                     	;# 
   538  1ECB                     	;# 
   539  1ECB                     	;# 
   540  1ECC                     	;# 
   541  1ECC                     	;# 
   542  1ECC                     	;# 
   543  1F10                     	;# 
   544  1F11                     	;# 
   545  1F12                     	;# 
   546  1F14                     	;# 
   547  1F15                     	;# 
   548  1F1C                     	;# 
   549  1F1D                     	;# 
   550  1F1E                     	;# 
   551  1F1F                     	;# 
   552  1F20                     	;# 
   553  1F21                     	;# 
   554  1F22                     	;# 
   555  1F23                     	;# 
   556  1F24                     	;# 
   557  1F25                     	;# 
   558  1F26                     	;# 
   559  1F27                     	;# 
   560  1F38                     	;# 
   561  1F39                     	;# 
   562  1F3A                     	;# 
   563  1F3B                     	;# 
   564  1F3C                     	;# 
   565  1F3D                     	;# 
   566  1F3E                     	;# 
   567  1F3F                     	;# 
   568  1F43                     	;# 
   569  1F44                     	;# 
   570  1F45                     	;# 
   571  1F46                     	;# 
   572  1F47                     	;# 
   573  1F48                     	;# 
   574  1F49                     	;# 
   575  1F4A                     	;# 
   576  1F4E                     	;# 
   577  1F4F                     	;# 
   578  1F50                     	;# 
   579  1F51                     	;# 
   580  1F52                     	;# 
   581  1F53                     	;# 
   582  1F54                     	;# 
   583  1F55                     	;# 
   584  1FE4                     	;# 
   585  1FE5                     	;# 
   586  1FE6                     	;# 
   587  1FE7                     	;# 
   588  1FE8                     	;# 
   589  1FE8                     	;# 
   590  1FE9                     	;# 
   591  1FEA                     	;# 
   592  1FEB                     	;# 
   593  1FED                     	;# 
   594  1FEE                     	;# 
   595  1FEF                     	;# 
   596  0000                     	;# 
   597  0001                     	;# 
   598  0002                     	;# 
   599  0003                     	;# 
   600  0004                     	;# 
   601  0005                     	;# 
   602  0006                     	;# 
   603  0007                     	;# 
   604  0008                     	;# 
   605  0009                     	;# 
   606  000A                     	;# 
   607  000B                     	;# 
   608  000C                     	;# 
   609  000D                     	;# 
   610  000E                     	;# 
   611  0012                     	;# 
   612  0013                     	;# 
   613  0014                     	;# 
   614  0018                     	;# 
   615  0019                     	;# 
   616  001A                     	;# 
   617  009A                     	;# 
   618  009B                     	;# 
   619  009B                     	;# 
   620  009C                     	;# 
   621  009D                     	;# 
   622  009E                     	;# 
   623  009F                     	;# 
   624  010C                     	;# 
   625  010D                     	;# 
   626  0119                     	;# 
   627  011A                     	;# 
   628  011B                     	;# 
   629  011B                     	;# 
   630  011C                     	;# 
   631  011D                     	;# 
   632  011E                     	;# 
   633  011F                     	;# 
   634  018C                     	;# 
   635  018D                     	;# 
   636  018E                     	;# 
   637  018F                     	;# 
   638  0190                     	;# 
   639  0191                     	;# 
   640  0192                     	;# 
   641  020C                     	;# 
   642  020D                     	;# 
   643  020E                     	;# 
   644  020E                     	;# 
   645  020F                     	;# 
   646  020F                     	;# 
   647  0210                     	;# 
   648  0210                     	;# 
   649  0211                     	;# 
   650  0211                     	;# 
   651  028C                     	;# 
   652  028C                     	;# 
   653  028D                     	;# 
   654  028D                     	;# 
   655  028E                     	;# 
   656  028F                     	;# 
   657  0290                     	;# 
   658  0291                     	;# 
   659  030C                     	;# 
   660  030C                     	;# 
   661  030D                     	;# 
   662  030E                     	;# 
   663  030F                     	;# 
   664  0310                     	;# 
   665  0310                     	;# 
   666  0311                     	;# 
   667  0312                     	;# 
   668  0313                     	;# 
   669  0314                     	;# 
   670  0314                     	;# 
   671  0315                     	;# 
   672  0316                     	;# 
   673  0318                     	;# 
   674  0318                     	;# 
   675  0319                     	;# 
   676  031A                     	;# 
   677  059C                     	;# 
   678  059C                     	;# 
   679  059D                     	;# 
   680  059D                     	;# 
   681  059E                     	;# 
   682  059F                     	;# 
   683  070C                     	;# 
   684  070D                     	;# 
   685  070E                     	;# 
   686  0716                     	;# 
   687  0717                     	;# 
   688  0718                     	;# 
   689  080C                     	;# 
   690  0811                     	;# 
   691  0813                     	;# 
   692  0814                     	;# 
   693  081A                     	;# 
   694  081A                     	;# 
   695  081B                     	;# 
   696  081C                     	;# 
   697  081C                     	;# 
   698  081D                     	;# 
   699  081E                     	;# 
   700  081F                     	;# 
   701  088E                     	;# 
   702  0890                     	;# 
   703  0891                     	;# 
   704  0892                     	;# 
   705  0893                     	;# 
   706  090C                     	;# 
   707  1E8F                     	;# 
   708  1E90                     	;# 
   709  1E91                     	;# 
   710  1E92                     	;# 
   711  1E93                     	;# 
   712  1E9C                     	;# 
   713  1EA1                     	;# 
   714  1EA2                     	;# 
   715  1EC3                     	;# 
   716  1EC5                     	;# 
   717  1EC6                     	;# 
   718  1EC7                     	;# 
   719  1ECB                     	;# 
   720  1ECB                     	;# 
   721  1ECB                     	;# 
   722  1ECC                     	;# 
   723  1ECC                     	;# 
   724  1ECC                     	;# 
   725  1F10                     	;# 
   726  1F11                     	;# 
   727  1F12                     	;# 
   728  1F14                     	;# 
   729  1F15                     	;# 
   730  1F1C                     	;# 
   731  1F1D                     	;# 
   732  1F1E                     	;# 
   733  1F1F                     	;# 
   734  1F20                     	;# 
   735  1F21                     	;# 
   736  1F22                     	;# 
   737  1F23                     	;# 
   738  1F24                     	;# 
   739  1F25                     	;# 
   740  1F26                     	;# 
   741  1F27                     	;# 
   742  1F38                     	;# 
   743  1F39                     	;# 
   744  1F3A                     	;# 
   745  1F3B                     	;# 
   746  1F3C                     	;# 
   747  1F3D                     	;# 
   748  1F3E                     	;# 
   749  1F3F                     	;# 
   750  1F43                     	;# 
   751  1F44                     	;# 
   752  1F45                     	;# 
   753  1F46                     	;# 
   754  1F47                     	;# 
   755  1F48                     	;# 
   756  1F49                     	;# 
   757  1F4A                     	;# 
   758  1F4E                     	;# 
   759  1F4F                     	;# 
   760  1F50                     	;# 
   761  1F51                     	;# 
   762  1F52                     	;# 
   763  1F53                     	;# 
   764  1F54                     	;# 
   765  1F55                     	;# 
   766  1FE4                     	;# 
   767  1FE5                     	;# 
   768  1FE6                     	;# 
   769  1FE7                     	;# 
   770  1FE8                     	;# 
   771  1FE8                     	;# 
   772  1FE9                     	;# 
   773  1FEA                     	;# 
   774  1FEB                     	;# 
   775  1FED                     	;# 
   776  1FEE                     	;# 
   777  1FEF                     	;# 
   778  0000                     	;# 
   779  0001                     	;# 
   780  0002                     	;# 
   781  0003                     	;# 
   782  0004                     	;# 
   783  0005                     	;# 
   784  0006                     	;# 
   785  0007                     	;# 
   786  0008                     	;# 
   787  0009                     	;# 
   788  000A                     	;# 
   789  000B                     	;# 
   790  000C                     	;# 
   791  000D                     	;# 
   792  000E                     	;# 
   793  0012                     	;# 
   794  0013                     	;# 
   795  0014                     	;# 
   796  0018                     	;# 
   797  0019                     	;# 
   798  001A                     	;# 
   799  009A                     	;# 
   800  009B                     	;# 
   801  009B                     	;# 
   802  009C                     	;# 
   803  009D                     	;# 
   804  009E                     	;# 
   805  009F                     	;# 
   806  010C                     	;# 
   807  010D                     	;# 
   808  0119                     	;# 
   809  011A                     	;# 
   810  011B                     	;# 
   811  011B                     	;# 
   812  011C                     	;# 
   813  011D                     	;# 
   814  011E                     	;# 
   815  011F                     	;# 
   816  018C                     	;# 
   817  018D                     	;# 
   818  018E                     	;# 
   819  018F                     	;# 
   820  0190                     	;# 
   821  0191                     	;# 
   822  0192                     	;# 
   823  020C                     	;# 
   824  020D                     	;# 
   825  020E                     	;# 
   826  020E                     	;# 
   827  020F                     	;# 
   828  020F                     	;# 
   829  0210                     	;# 
   830  0210                     	;# 
   831  0211                     	;# 
   832  0211                     	;# 
   833  028C                     	;# 
   834  028C                     	;# 
   835  028D                     	;# 
   836  028D                     	;# 
   837  028E                     	;# 
   838  028F                     	;# 
   839  0290                     	;# 
   840  0291                     	;# 
   841  030C                     	;# 
   842  030C                     	;# 
   843  030D                     	;# 
   844  030E                     	;# 
   845  030F                     	;# 
   846  0310                     	;# 
   847  0310                     	;# 
   848  0311                     	;# 
   849  0312                     	;# 
   850  0313                     	;# 
   851  0314                     	;# 
   852  0314                     	;# 
   853  0315                     	;# 
   854  0316                     	;# 
   855  0318                     	;# 
   856  0318                     	;# 
   857  0319                     	;# 
   858  031A                     	;# 
   859  059C                     	;# 
   860  059C                     	;# 
   861  059D                     	;# 
   862  059D                     	;# 
   863  059E                     	;# 
   864  059F                     	;# 
   865  070C                     	;# 
   866  070D                     	;# 
   867  070E                     	;# 
   868  0716                     	;# 
   869  0717                     	;# 
   870  0718                     	;# 
   871  080C                     	;# 
   872  0811                     	;# 
   873  0813                     	;# 
   874  0814                     	;# 
   875  081A                     	;# 
   876  081A                     	;# 
   877  081B                     	;# 
   878  081C                     	;# 
   879  081C                     	;# 
   880  081D                     	;# 
   881  081E                     	;# 
   882  081F                     	;# 
   883  088E                     	;# 
   884  0890                     	;# 
   885  0891                     	;# 
   886  0892                     	;# 
   887  0893                     	;# 
   888  090C                     	;# 
   889  1E8F                     	;# 
   890  1E90                     	;# 
   891  1E91                     	;# 
   892  1E92                     	;# 
   893  1E93                     	;# 
   894  1E9C                     	;# 
   895  1EA1                     	;# 
   896  1EA2                     	;# 
   897  1EC3                     	;# 
   898  1EC5                     	;# 
   899  1EC6                     	;# 
   900  1EC7                     	;# 
   901  1ECB                     	;# 
   902  1ECB                     	;# 
   903  1ECB                     	;# 
   904  1ECC                     	;# 
   905  1ECC                     	;# 
   906  1ECC                     	;# 
   907  1F10                     	;# 
   908  1F11                     	;# 
   909  1F12                     	;# 
   910  1F14                     	;# 
   911  1F15                     	;# 
   912  1F1C                     	;# 
   913  1F1D                     	;# 
   914  1F1E                     	;# 
   915  1F1F                     	;# 
   916  1F20                     	;# 
   917  1F21                     	;# 
   918  1F22                     	;# 
   919  1F23                     	;# 
   920  1F24                     	;# 
   921  1F25                     	;# 
   922  1F26                     	;# 
   923  1F27                     	;# 
   924  1F38                     	;# 
   925  1F39                     	;# 
   926  1F3A                     	;# 
   927  1F3B                     	;# 
   928  1F3C                     	;# 
   929  1F3D                     	;# 
   930  1F3E                     	;# 
   931  1F3F                     	;# 
   932  1F43                     	;# 
   933  1F44                     	;# 
   934  1F45                     	;# 
   935  1F46                     	;# 
   936  1F47                     	;# 
   937  1F48                     	;# 
   938  1F49                     	;# 
   939  1F4A                     	;# 
   940  1F4E                     	;# 
   941  1F4F                     	;# 
   942  1F50                     	;# 
   943  1F51                     	;# 
   944  1F52                     	;# 
   945  1F53                     	;# 
   946  1F54                     	;# 
   947  1F55                     	;# 
   948  1FE4                     	;# 
   949  1FE5                     	;# 
   950  1FE6                     	;# 
   951  1FE7                     	;# 
   952  1FE8                     	;# 
   953  1FE8                     	;# 
   954  1FE9                     	;# 
   955  1FEA                     	;# 
   956  1FEB                     	;# 
   957  1FED                     	;# 
   958  1FEE                     	;# 
   959  1FEF                     	;# 
   960  0014                     _TRISC	set	20
   961  0013                     _TRISB	set	19
   962  0012                     _TRISA	set	18
   963  001A                     _LATC	set	26
   964  0019                     _LATB	set	25
   965  0018                     _LATA	set	24
   966  028E                     _T2CON	set	654
   967  028C                     _T2TMR	set	652
   968  028D                     _T2PR	set	653
   969  0291                     _T2RST	set	657
   970  028F                     _T2HLT	set	655
   971  0290                     _T2CLKCON	set	656
   972  0314                     _PWM3DCL	set	788
   973  0315                     _PWM3DCH	set	789
   974  0316                     _PWM3CON	set	790
   975  070D                     _PIR1bits	set	1805
   976  080C                     _WDTCON	set	2060
   977  0892                     _OSCTUNE	set	2194
   978  0893                     _OSCFRQ	set	2195
   979  0891                     _OSCEN	set	2193
   980  1F12                     _RA2PPS	set	7954
   981  1F52                     _INLVLC	set	8018
   982  1F47                     _INLVLB	set	8007
   983  1F3C                     _INLVLA	set	7996
   984  1F51                     _SLRCONC	set	8017
   985  1F46                     _SLRCONB	set	8006
   986  1F3B                     _SLRCONA	set	7995
   987  1F50                     _ODCONC	set	8016
   988  1F45                     _ODCONB	set	8005
   989  1F3A                     _ODCONA	set	7994
   990  1F4F                     _WPUC	set	8015
   991  1F39                     _WPUA	set	7993
   992  1F44                     _WPUB	set	8004
   993  1F38                     _ANSELA	set	7992
   994  1F43                     _ANSELB	set	8003
   995  1F4E                     _ANSELC	set	8014
   996                           
   997                           	psect	cinit
   998  07FD                     start_initialization:	
   999                           ; #config settings
  1000                           
  1001  07FD                     __initialization:
  1002  07FD                     end_of_initialization:	
  1003                           ;End of C runtime variable initialization code
  1004                           
  1005  07FD                     __end_of__initialization:
  1006  07FD  0140               	movlb	0
  1007  07FE  3187  2FAA         	ljmp	_main	;jump to C main() function
  1008                           
  1009                           	psect	cstackCOMMON
  1010  0000                     __pcstackCOMMON:
  1011  0000                     ?_SYSTEM_Initialize:
  1012  0000                     ??_SYSTEM_Initialize:	
  1013                           ; 1 bytes @ 0x0
  1014                           
  1015  0000                     ?_PIN_MANAGER_Initialize:	
  1016                           ; 1 bytes @ 0x0
  1017                           
  1018  0000                     ??_PIN_MANAGER_Initialize:	
  1019                           ; 1 bytes @ 0x0
  1020                           
  1021  0000                     ?_OSCILLATOR_Initialize:	
  1022                           ; 1 bytes @ 0x0
  1023                           
  1024  0000                     ??_OSCILLATOR_Initialize:	
  1025                           ; 1 bytes @ 0x0
  1026                           
  1027  0000                     ?_WDT_Initialize:	
  1028                           ; 1 bytes @ 0x0
  1029                           
  1030  0000                     ??_WDT_Initialize:	
  1031                           ; 1 bytes @ 0x0
  1032                           
  1033  0000                     ?_PWM3_Initialize:	
  1034                           ; 1 bytes @ 0x0
  1035                           
  1036  0000                     ??_PWM3_Initialize:	
  1037                           ; 1 bytes @ 0x0
  1038                           
  1039  0000                     ?_main:	
  1040                           ; 1 bytes @ 0x0
  1041                           
  1042  0000                     ??_main:	
  1043                           ; 1 bytes @ 0x0
  1044                           
  1045  0000                     ?_TMR2_Initialize:	
  1046                           ; 1 bytes @ 0x0
  1047                           
  1048  0000                     ??_TMR2_Initialize:	
  1049                           ; 1 bytes @ 0x0
  1050                           
  1051                           
  1052                           	psect	maintext
  1053  07AA                     __pmaintext:	
  1054                           ; 1 bytes @ 0x0
  1055 ;;
  1056 ;;Main: autosize = 0, tempsize = 0, incstack = 0, save=0
  1057 ;;
  1058 ;; *************** function _main *****************
  1059 ;; Defined at:
  1060 ;;		line 49 in file "main.c"
  1061 ;; Parameters:    Size  Location     Type
  1062 ;;		None
  1063 ;; Auto vars:     Size  Location     Type
  1064 ;;		None
  1065 ;; Return value:  Size  Location     Type
  1066 ;;                  1    wreg      void 
  1067 ;; Registers used:
  1068 ;;		wreg, status,2, status,0, pclath, cstack
  1069 ;; Tracked objects:
  1070 ;;		On entry : B3F/0
  1071 ;;		On exit  : 0/0
  1072 ;;		Unchanged: 0/0
  1073 ;; Data sizes:     COMMON   BANK0   BANK1   BANK2   BANK3   BANK4   BANK5   BANK6
  1074 ;;      Params:         0       0       0       0       0       0       0       0
  1075 ;;      Locals:         0       0       0       0       0       0       0       0
  1076 ;;      Temps:          0       0       0       0       0       0       0       0
  1077 ;;      Totals:         0       0       0       0       0       0       0       0
  1078 ;;Total ram usage:        0 bytes
  1079 ;; Hardware stack levels required when called:    2
  1080 ;; This function calls:
  1081 ;;		_SYSTEM_Initialize
  1082 ;; This function is called by:
  1083 ;;		Startup code after reset
  1084 ;; This function uses a non-reentrant model
  1085 ;;
  1086                           
  1087                           
  1088                           ;psect for function _main
  1089  07AA                     _main:
  1090  07AA                     l694:	
  1091                           ;incstack = 0
  1092                           ; Regs used in _main: [wreg+status,2+status,0+pclath+cstack]
  1093                           
  1094                           
  1095                           ;main.c: 51:     SYSTEM_Initialize();
  1096  07AA  3187  27C6  3187   	fcall	_SYSTEM_Initialize
  1097  07AD                     l16:	
  1098                           ;main.c: 53:     while (1)
  1099                           
  1100  07AD                     l17:	
  1101                           ;main.c: 54:     {;main.c: 56:     }
  1102                           
  1103  07AD  2FAD               	goto	l16
  1104  07AE  3180  2802         	ljmp	start
  1105  07B0                     __end_of_main:
  1106                           
  1107                           	psect	text1
  1108  07C6                     __ptext1:	
  1109 ;; *************** function _SYSTEM_Initialize *****************
  1110 ;; Defined at:
  1111 ;;		line 49 in file "mcc_generated_files/mcc.c"
  1112 ;; Parameters:    Size  Location     Type
  1113 ;;		None
  1114 ;; Auto vars:     Size  Location     Type
  1115 ;;		None
  1116 ;; Return value:  Size  Location     Type
  1117 ;;                  1    wreg      void 
  1118 ;; Registers used:
  1119 ;;		wreg, status,2, status,0, pclath, cstack
  1120 ;; Tracked objects:
  1121 ;;		On entry : 0/0
  1122 ;;		On exit  : 0/0
  1123 ;;		Unchanged: 0/0
  1124 ;; Data sizes:     COMMON   BANK0   BANK1   BANK2   BANK3   BANK4   BANK5   BANK6
  1125 ;;      Params:         0       0       0       0       0       0       0       0
  1126 ;;      Locals:         0       0       0       0       0       0       0       0
  1127 ;;      Temps:          0       0       0       0       0       0       0       0
  1128 ;;      Totals:         0       0       0       0       0       0       0       0
  1129 ;;Total ram usage:        0 bytes
  1130 ;; Hardware stack levels used:    1
  1131 ;; Hardware stack levels required when called:    1
  1132 ;; This function calls:
  1133 ;;		_OSCILLATOR_Initialize
  1134 ;;		_PIN_MANAGER_Initialize
  1135 ;;		_PWM3_Initialize
  1136 ;;		_TMR2_Initialize
  1137 ;;		_WDT_Initialize
  1138 ;; This function is called by:
  1139 ;;		_main
  1140 ;; This function uses a non-reentrant model
  1141 ;;
  1142                           
  1143                           
  1144                           ;psect for function _SYSTEM_Initialize
  1145  07C6                     _SYSTEM_Initialize:
  1146  07C6                     l688:	
  1147                           ;incstack = 0
  1148                           ; Regs used in _SYSTEM_Initialize: [wreg+status,2+status,0+pclath+cstack]
  1149                           
  1150                           
  1151                           ;mcc_generated_files/mcc.c: 51:     PIN_MANAGER_Initialize();
  1152  07C6  3187  27D6  3187   	fcall	_PIN_MANAGER_Initialize
  1153  07C9                     l690:
  1154                           
  1155                           ;mcc_generated_files/mcc.c: 52:     OSCILLATOR_Initialize();
  1156  07C9  3187  27A5  3187   	fcall	_OSCILLATOR_Initialize
  1157  07CC                     l692:
  1158                           
  1159                           ;mcc_generated_files/mcc.c: 53:     WDT_Initialize();
  1160  07CC  3187  27A2  3187   	fcall	_WDT_Initialize
  1161                           
  1162                           ;mcc_generated_files/mcc.c: 54:     PWM3_Initialize();
  1163  07CF  3187  27B0  3187   	fcall	_PWM3_Initialize
  1164                           
  1165                           ;mcc_generated_files/mcc.c: 55:     TMR2_Initialize();
  1166  07D2  3187  27B8  3187   	fcall	_TMR2_Initialize
  1167  07D5                     l57:
  1168  07D5  0008               	return
  1169  07D6                     __end_of_SYSTEM_Initialize:
  1170                           
  1171                           	psect	text2
  1172  07A2                     __ptext2:	
  1173 ;; *************** function _WDT_Initialize *****************
  1174 ;; Defined at:
  1175 ;;		line 65 in file "mcc_generated_files/mcc.c"
  1176 ;; Parameters:    Size  Location     Type
  1177 ;;		None
  1178 ;; Auto vars:     Size  Location     Type
  1179 ;;		None
  1180 ;; Return value:  Size  Location     Type
  1181 ;;                  1    wreg      void 
  1182 ;; Registers used:
  1183 ;;		status,2
  1184 ;; Tracked objects:
  1185 ;;		On entry : 0/0
  1186 ;;		On exit  : 0/0
  1187 ;;		Unchanged: 0/0
  1188 ;; Data sizes:     COMMON   BANK0   BANK1   BANK2   BANK3   BANK4   BANK5   BANK6
  1189 ;;      Params:         0       0       0       0       0       0       0       0
  1190 ;;      Locals:         0       0       0       0       0       0       0       0
  1191 ;;      Temps:          0       0       0       0       0       0       0       0
  1192 ;;      Totals:         0       0       0       0       0       0       0       0
  1193 ;;Total ram usage:        0 bytes
  1194 ;; Hardware stack levels used:    1
  1195 ;; This function calls:
  1196 ;;		Nothing
  1197 ;; This function is called by:
  1198 ;;		_SYSTEM_Initialize
  1199 ;; This function uses a non-reentrant model
  1200 ;;
  1201                           
  1202                           
  1203                           ;psect for function _WDT_Initialize
  1204  07A2                     _WDT_Initialize:
  1205  07A2                     l686:	
  1206                           ;incstack = 0
  1207                           ; Regs used in _WDT_Initialize: [status,2]
  1208                           
  1209                           
  1210                           ;mcc_generated_files/mcc.c: 67:     WDTCON = 0x00;
  1211  07A2  0150               	movlb	16	; select bank16
  1212  07A3  018C               	clrf	12	;volatile
  1213  07A4                     l63:
  1214  07A4  0008               	return
  1215  07A5                     __end_of_WDT_Initialize:
  1216                           
  1217                           	psect	text3
  1218  07B8                     __ptext3:	
  1219 ;; *************** function _TMR2_Initialize *****************
  1220 ;; Defined at:
  1221 ;;		line 50 in file "mcc_generated_files/tmr2.c"
  1222 ;; Parameters:    Size  Location     Type
  1223 ;;		None
  1224 ;; Auto vars:     Size  Location     Type
  1225 ;;		None
  1226 ;; Return value:  Size  Location     Type
  1227 ;;                  1    wreg      void 
  1228 ;; Registers used:
  1229 ;;		wreg, status,2
  1230 ;; Tracked objects:
  1231 ;;		On entry : 0/0
  1232 ;;		On exit  : 0/0
  1233 ;;		Unchanged: 0/0
  1234 ;; Data sizes:     COMMON   BANK0   BANK1   BANK2   BANK3   BANK4   BANK5   BANK6
  1235 ;;      Params:         0       0       0       0       0       0       0       0
  1236 ;;      Locals:         0       0       0       0       0       0       0       0
  1237 ;;      Temps:          0       0       0       0       0       0       0       0
  1238 ;;      Totals:         0       0       0       0       0       0       0       0
  1239 ;;Total ram usage:        0 bytes
  1240 ;; Hardware stack levels used:    1
  1241 ;; This function calls:
  1242 ;;		Nothing
  1243 ;; This function is called by:
  1244 ;;		_SYSTEM_Initialize
  1245 ;; This function uses a non-reentrant model
  1246 ;;
  1247                           
  1248                           
  1249                           ;psect for function _TMR2_Initialize
  1250  07B8                     _TMR2_Initialize:
  1251  07B8                     l638:	
  1252                           ;incstack = 0
  1253                           ; Regs used in _TMR2_Initialize: [wreg+status,2]
  1254                           
  1255                           
  1256                           ;mcc_generated_files/tmr2.c: 52:     T2CLKCON = 0x01;
  1257  07B8  3001               	movlw	1
  1258  07B9  0145               	movlb	5	; select bank5
  1259  07BA  0090               	movwf	16	;volatile
  1260  07BB                     l640:
  1261                           
  1262                           ;mcc_generated_files/tmr2.c: 53:     T2HLT = 0x00;
  1263  07BB  018F               	clrf	15	;volatile
  1264  07BC                     l642:
  1265                           
  1266                           ;mcc_generated_files/tmr2.c: 54:     T2RST = 0x00;
  1267  07BC  0191               	clrf	17	;volatile
  1268                           
  1269                           ;mcc_generated_files/tmr2.c: 55:     T2PR = 0xFF;
  1270  07BD  30FF               	movlw	255
  1271  07BE  008D               	movwf	13	;volatile
  1272  07BF                     l644:
  1273                           
  1274                           ;mcc_generated_files/tmr2.c: 56:     T2TMR = 0x00;
  1275  07BF  018C               	clrf	12	;volatile
  1276  07C0                     l646:
  1277                           
  1278                           ;mcc_generated_files/tmr2.c: 58:     PIR1bits.TMR2IF = 0;
  1279  07C0  014E               	movlb	14	; select bank14
  1280  07C1  130D               	bcf	13,6	;volatile
  1281  07C2                     l648:
  1282                           
  1283                           ;mcc_generated_files/tmr2.c: 59:     T2CON = 0xF0;
  1284  07C2  30F0               	movlw	240
  1285  07C3  0145               	movlb	5	; select bank5
  1286  07C4  008E               	movwf	14	;volatile
  1287  07C5                     l36:
  1288  07C5  0008               	return
  1289  07C6                     __end_of_TMR2_Initialize:
  1290                           
  1291                           	psect	text4
  1292  07B0                     __ptext4:	
  1293 ;; *************** function _PWM3_Initialize *****************
  1294 ;; Defined at:
  1295 ;;		line 50 in file "mcc_generated_files/pwm3.c"
  1296 ;; Parameters:    Size  Location     Type
  1297 ;;		None
  1298 ;; Auto vars:     Size  Location     Type
  1299 ;;		None
  1300 ;; Return value:  Size  Location     Type
  1301 ;;                  1    wreg      void 
  1302 ;; Registers used:
  1303 ;;		wreg
  1304 ;; Tracked objects:
  1305 ;;		On entry : 0/0
  1306 ;;		On exit  : 0/0
  1307 ;;		Unchanged: 0/0
  1308 ;; Data sizes:     COMMON   BANK0   BANK1   BANK2   BANK3   BANK4   BANK5   BANK6
  1309 ;;      Params:         0       0       0       0       0       0       0       0
  1310 ;;      Locals:         0       0       0       0       0       0       0       0
  1311 ;;      Temps:          0       0       0       0       0       0       0       0
  1312 ;;      Totals:         0       0       0       0       0       0       0       0
  1313 ;;Total ram usage:        0 bytes
  1314 ;; Hardware stack levels used:    1
  1315 ;; This function calls:
  1316 ;;		Nothing
  1317 ;; This function is called by:
  1318 ;;		_SYSTEM_Initialize
  1319 ;; This function uses a non-reentrant model
  1320 ;;
  1321                           
  1322                           
  1323                           ;psect for function _PWM3_Initialize
  1324  07B0                     _PWM3_Initialize:
  1325  07B0                     l636:	
  1326                           ;incstack = 0
  1327                           ; Regs used in _PWM3_Initialize: [wreg]
  1328                           
  1329                           
  1330                           ;mcc_generated_files/pwm3.c: 52:     PWM3CON = 0x90;
  1331  07B0  3090               	movlw	144
  1332  07B1  0146               	movlb	6	; select bank6
  1333  07B2  0096               	movwf	22	;volatile
  1334                           
  1335                           ;mcc_generated_files/pwm3.c: 53:     PWM3DCH = 0x7F;
  1336  07B3  307F               	movlw	127
  1337  07B4  0095               	movwf	21	;volatile
  1338                           
  1339                           ;mcc_generated_files/pwm3.c: 54:     PWM3DCL = 0xC0;
  1340  07B5  30C0               	movlw	192
  1341  07B6  0094               	movwf	20	;volatile
  1342  07B7                     l9:
  1343  07B7  0008               	return
  1344  07B8                     __end_of_PWM3_Initialize:
  1345                           
  1346                           	psect	text5
  1347  07D6                     __ptext5:	
  1348 ;; *************** function _PIN_MANAGER_Initialize *****************
  1349 ;; Defined at:
  1350 ;;		line 51 in file "mcc_generated_files/pin_manager.c"
  1351 ;; Parameters:    Size  Location     Type
  1352 ;;		None
  1353 ;; Auto vars:     Size  Location     Type
  1354 ;;		None
  1355 ;; Return value:  Size  Location     Type
  1356 ;;                  1    wreg      void 
  1357 ;; Registers used:
  1358 ;;		wreg, status,2
  1359 ;; Tracked objects:
  1360 ;;		On entry : 0/0
  1361 ;;		On exit  : 0/0
  1362 ;;		Unchanged: 0/0
  1363 ;; Data sizes:     COMMON   BANK0   BANK1   BANK2   BANK3   BANK4   BANK5   BANK6
  1364 ;;      Params:         0       0       0       0       0       0       0       0
  1365 ;;      Locals:         0       0       0       0       0       0       0       0
  1366 ;;      Temps:          0       0       0       0       0       0       0       0
  1367 ;;      Totals:         0       0       0       0       0       0       0       0
  1368 ;;Total ram usage:        0 bytes
  1369 ;; Hardware stack levels used:    1
  1370 ;; This function calls:
  1371 ;;		Nothing
  1372 ;; This function is called by:
  1373 ;;		_SYSTEM_Initialize
  1374 ;; This function uses a non-reentrant model
  1375 ;;
  1376                           
  1377                           
  1378                           ;psect for function _PIN_MANAGER_Initialize
  1379  07D6                     _PIN_MANAGER_Initialize:
  1380  07D6                     l650:	
  1381                           ;incstack = 0
  1382                           ; Regs used in _PIN_MANAGER_Initialize: [wreg+status,2]
  1383                           
  1384                           
  1385                           ;mcc_generated_files/pin_manager.c: 54:     LATA = 0x00;
  1386  07D6  0140               	movlb	0	; select bank0
  1387  07D7  0198               	clrf	24	;volatile
  1388                           
  1389                           ;mcc_generated_files/pin_manager.c: 55:     LATB = 0x00;
  1390  07D8  0199               	clrf	25	;volatile
  1391                           
  1392                           ;mcc_generated_files/pin_manager.c: 56:     LATC = 0x00;
  1393  07D9  019A               	clrf	26	;volatile
  1394  07DA                     l652:
  1395                           
  1396                           ;mcc_generated_files/pin_manager.c: 59:     TRISA = 0x3B;
  1397  07DA  303B               	movlw	59
  1398  07DB  0092               	movwf	18	;volatile
  1399  07DC                     l654:
  1400                           
  1401                           ;mcc_generated_files/pin_manager.c: 60:     TRISB = 0xF0;
  1402  07DC  30F0               	movlw	240
  1403  07DD  0093               	movwf	19	;volatile
  1404  07DE                     l656:
  1405                           
  1406                           ;mcc_generated_files/pin_manager.c: 61:     TRISC = 0xFF;
  1407  07DE  30FF               	movlw	255
  1408  07DF  0094               	movwf	20	;volatile
  1409  07E0                     l658:
  1410                           
  1411                           ;mcc_generated_files/pin_manager.c: 64:     ANSELC = 0xFF;
  1412  07E0  30FF               	movlw	255
  1413  07E1  017E               	movlb	62	; select bank62
  1414  07E2  00CE               	movwf	78	;volatile
  1415  07E3                     l660:
  1416                           
  1417                           ;mcc_generated_files/pin_manager.c: 65:     ANSELB = 0xF0;
  1418  07E3  30F0               	movlw	240
  1419  07E4  00C3               	movwf	67	;volatile
  1420  07E5                     l662:
  1421                           
  1422                           ;mcc_generated_files/pin_manager.c: 66:     ANSELA = 0x33;
  1423  07E5  3033               	movlw	51
  1424  07E6  00B8               	movwf	56	;volatile
  1425                           
  1426                           ;mcc_generated_files/pin_manager.c: 69:     WPUB = 0x00;
  1427  07E7  01C4               	clrf	68	;volatile
  1428                           
  1429                           ;mcc_generated_files/pin_manager.c: 70:     WPUA = 0x00;
  1430  07E8  01B9               	clrf	57	;volatile
  1431                           
  1432                           ;mcc_generated_files/pin_manager.c: 71:     WPUC = 0x00;
  1433  07E9  01CF               	clrf	79	;volatile
  1434  07EA                     l664:
  1435                           
  1436                           ;mcc_generated_files/pin_manager.c: 74:     ODCONA = 0x04;
  1437  07EA  3004               	movlw	4
  1438  07EB  00BA               	movwf	58	;volatile
  1439  07EC                     l666:
  1440                           
  1441                           ;mcc_generated_files/pin_manager.c: 75:     ODCONB = 0x00;
  1442  07EC  01C5               	clrf	69	;volatile
  1443  07ED                     l668:
  1444                           
  1445                           ;mcc_generated_files/pin_manager.c: 76:     ODCONC = 0x00;
  1446  07ED  01D0               	clrf	80	;volatile
  1447  07EE                     l670:
  1448                           
  1449                           ;mcc_generated_files/pin_manager.c: 79:     SLRCONA = 0x37;
  1450  07EE  3037               	movlw	55
  1451  07EF  00BB               	movwf	59	;volatile
  1452  07F0                     l672:
  1453                           
  1454                           ;mcc_generated_files/pin_manager.c: 80:     SLRCONB = 0xF0;
  1455  07F0  30F0               	movlw	240
  1456  07F1  00C6               	movwf	70	;volatile
  1457  07F2                     l674:
  1458                           
  1459                           ;mcc_generated_files/pin_manager.c: 81:     SLRCONC = 0xFF;
  1460  07F2  30FF               	movlw	255
  1461  07F3  00D1               	movwf	81	;volatile
  1462  07F4                     l676:
  1463                           
  1464                           ;mcc_generated_files/pin_manager.c: 84:     INLVLA = 0x3F;
  1465  07F4  303F               	movlw	63
  1466  07F5  00BC               	movwf	60	;volatile
  1467  07F6                     l678:
  1468                           
  1469                           ;mcc_generated_files/pin_manager.c: 85:     INLVLB = 0xF0;
  1470  07F6  30F0               	movlw	240
  1471  07F7  00C7               	movwf	71	;volatile
  1472  07F8                     l680:
  1473                           
  1474                           ;mcc_generated_files/pin_manager.c: 86:     INLVLC = 0xFF;
  1475  07F8  30FF               	movlw	255
  1476  07F9  00D2               	movwf	82	;volatile
  1477  07FA                     l682:
  1478                           
  1479                           ;mcc_generated_files/pin_manager.c: 89:     RA2PPS = 0x03;
  1480  07FA  3003               	movlw	3
  1481  07FB  0092               	movwf	18	;volatile
  1482  07FC                     l110:
  1483  07FC  0008               	return
  1484  07FD                     __end_of_PIN_MANAGER_Initialize:
  1485                           
  1486                           	psect	text6
  1487  07A5                     __ptext6:	
  1488 ;; *************** function _OSCILLATOR_Initialize *****************
  1489 ;; Defined at:
  1490 ;;		line 58 in file "mcc_generated_files/mcc.c"
  1491 ;; Parameters:    Size  Location     Type
  1492 ;;		None
  1493 ;; Auto vars:     Size  Location     Type
  1494 ;;		None
  1495 ;; Return value:  Size  Location     Type
  1496 ;;                  1    wreg      void 
  1497 ;; Registers used:
  1498 ;;		status,2
  1499 ;; Tracked objects:
  1500 ;;		On entry : 0/0
  1501 ;;		On exit  : 0/0
  1502 ;;		Unchanged: 0/0
  1503 ;; Data sizes:     COMMON   BANK0   BANK1   BANK2   BANK3   BANK4   BANK5   BANK6
  1504 ;;      Params:         0       0       0       0       0       0       0       0
  1505 ;;      Locals:         0       0       0       0       0       0       0       0
  1506 ;;      Temps:          0       0       0       0       0       0       0       0
  1507 ;;      Totals:         0       0       0       0       0       0       0       0
  1508 ;;Total ram usage:        0 bytes
  1509 ;; Hardware stack levels used:    1
  1510 ;; This function calls:
  1511 ;;		Nothing
  1512 ;; This function is called by:
  1513 ;;		_SYSTEM_Initialize
  1514 ;; This function uses a non-reentrant model
  1515 ;;
  1516                           
  1517                           
  1518                           ;psect for function _OSCILLATOR_Initialize
  1519  07A5                     _OSCILLATOR_Initialize:
  1520  07A5                     l684:	
  1521                           ;incstack = 0
  1522                           ; Regs used in _OSCILLATOR_Initialize: [status,2]
  1523                           
  1524                           
  1525                           ;mcc_generated_files/mcc.c: 60:     OSCEN = 0x00;
  1526  07A5  0151               	movlb	17	; select bank17
  1527  07A6  0191               	clrf	17	;volatile
  1528                           
  1529                           ;mcc_generated_files/mcc.c: 61:     OSCFRQ = 0x00;
  1530  07A7  0193               	clrf	19	;volatile
  1531                           
  1532                           ;mcc_generated_files/mcc.c: 62:     OSCTUNE = 0x00;
  1533  07A8  0192               	clrf	18	;volatile
  1534  07A9                     l60:
  1535  07A9  0008               	return
  1536  07AA                     __end_of_OSCILLATOR_Initialize:
  1537  007E                     btemp	set	126	;btemp
  1538  007E                     wtemp0	set	126
  1539                           
  1540                           	psect	config
  1541                           
  1542                           ;Config register CONFIG1 @ 0x8007
  1543                           ;	External Oscillator Mode Selection bits
  1544                           ;	FEXTOSC = OFF, Oscillator not enabled
  1545                           ;	Power-up Default Value for COSC bits
  1546                           ;	RSTOSC = HFINTOSC_1MHZ, HFINTOSC (1 MHz)
  1547                           ;	Clock Out Enable bit
  1548                           ;	CLKOUTEN = OFF, CLKOUT function is disabled; I/O function on RA4
  1549                           ;	VDD Range Analog Calibration Selection bit
  1550                           ;	VDDAR = HI, Internal analog systems are calibrated for operation between VDD = 2.3V - 
      +                          5.5V
  1551  8007                     	org	32775
  1552  8007  3FED               	dw	16365
  1553                           
  1554                           ;Config register CONFIG2 @ 0x8008
  1555                           ;	Master Clear Enable bit
  1556                           ;	MCLRE = EXTMCLR, If LVP = 0, MCLR pin is MCLR; If LVP = 1, RA3 pin function is MCLR
  1557                           ;	Power-up Timer Selection bits
  1558                           ;	PWRTS = PWRT_OFF, PWRT is disabled
  1559                           ;	WDT Operating Mode bits
  1560                           ;	WDTE = OFF, WDT disabled; SEN is ignored
  1561                           ;	Brown-out Reset Enable bits
  1562                           ;	BOREN = ON, Brown-out Reset Enabled, SBOREN bit is ignored
  1563                           ;	Brown-out Reset Voltage Selection bit
  1564                           ;	BORV = LO, Brown-out Reset Voltage (VBOR) set to 1.9V
  1565                           ;	PPSLOCKED One-Way Set Enable bit
  1566                           ;	PPS1WAY = ON, The PPSLOCKED bit can be cleared and set only once in software
  1567                           ;	Stack Overflow/Underflow Reset Enable bit
  1568                           ;	STVREN = ON, Stack Overflow or Underflow will cause a reset
  1569  8008                     	org	32776
  1570  8008  3FE7               	dw	16359
  1571                           
  1572                           ;Config register CONFIG4 @ 0x800A
  1573                           ;	Boot Block Size Selection bits
  1574                           ;	BBSIZE = BB512, 512 words boot block size
  1575                           ;	Boot Block Enable bit
  1576                           ;	BBEN = OFF, Boot Block is disabled
  1577                           ;	SAF Enable bit
  1578                           ;	SAFEN = OFF, SAF is disabled
  1579                           ;	Application Block Write Protection bit
  1580                           ;	WRTAPP = OFF, Application Block is not write-protected
  1581                           ;	Boot Block Write Protection bit
  1582                           ;	WRTB = OFF, Boot Block is not write-protected
  1583                           ;	Configuration Registers Write Protection bit
  1584                           ;	WRTC = OFF, Configuration Registers are not write-protected
  1585                           ;	Storage Area Flash (SAF) Write Protection bit
  1586                           ;	WRTSAF = OFF, SAF is not write-protected
  1587                           ;	Low Voltage Programming Enable bit
  1588                           ;	LVP = ON, Low Voltage programming enabled. MCLR/Vpp pin function is MCLR. MCLRE Config
      +                          uration bit is ignored.
  1589  800A                     	org	32778
  1590  800A  3FFF               	dw	16383
  1591                           
  1592                           ;Config register CONFIG5 @ 0x800B
  1593                           ;	User Program Flash Memory Code Protection bit
  1594                           ;	CP = OFF, User Program Flash Memory code protection is disabled
  1595  800B                     	org	32779
  1596  800B  3FFF               	dw	16383

Data Sizes:
    Strings     0
    Constant    0
    Data        0
    BSS         0
    Persistent  32
    Stack       0

Auto Spaces:
    Space          Size  Autos    Used
    COMMON           14      0       0
    BANK0            80      0       0
    BANK1            80      0       0
    BANK2            80      0       0
    BANK3            80      0       0
    BANK4            80      0       0
    BANK5            80      0       0
    BANK6            16      0       0

Pointer List with Targets:

    None.

Critical Paths under _main in COMMON

    None.

Critical Paths under _main in BANK0

    None.

Critical Paths under _main in BANK1

    None.

Critical Paths under _main in BANK2

    None.

Critical Paths under _main in BANK3

    None.

Critical Paths under _main in BANK4

    None.

Critical Paths under _main in BANK5

    None.

Critical Paths under _main in BANK6

    None.

Call Graph Tables:

 ---------------------------------------------------------------------------------
 (Depth) Function   	        Calls       Base Space   Used Autos Params    Refs
 ---------------------------------------------------------------------------------
 (0) _main                                                 0     0      0       0
                  _SYSTEM_Initialize
 ---------------------------------------------------------------------------------
 (1) _SYSTEM_Initialize                                    0     0      0       0
              _OSCILLATOR_Initialize
             _PIN_MANAGER_Initialize
                    _PWM3_Initialize
                    _TMR2_Initialize
                     _WDT_Initialize
 ---------------------------------------------------------------------------------
 (2) _WDT_Initialize                                       0     0      0       0
 ---------------------------------------------------------------------------------
 (2) _TMR2_Initialize                                      0     0      0       0
 ---------------------------------------------------------------------------------
 (2) _PWM3_Initialize                                      0     0      0       0
 ---------------------------------------------------------------------------------
 (2) _PIN_MANAGER_Initialize                               0     0      0       0
 ---------------------------------------------------------------------------------
 (2) _OSCILLATOR_Initialize                                0     0      0       0
 ---------------------------------------------------------------------------------
 Estimated maximum stack depth 2
 ---------------------------------------------------------------------------------

 Call Graph Graphs:

 _main (ROOT)
   _SYSTEM_Initialize
     _OSCILLATOR_Initialize
     _PIN_MANAGER_Initialize
     _PWM3_Initialize
     _TMR2_Initialize
     _WDT_Initialize

 Address spaces:
Name               Size   Autos  Total    Cost      Usage
BIGRAM             1F0      0       0       0        0.0%
NULL                 0      0       0       0        0.0%
CODE                 0      0       0       0        0.0%
BITCOMMON            E      0       0       1        0.0%
BITSFR0              0      0       0       1        0.0%
SFR0                 0      0       0       1        0.0%
COMMON               E      0       0       2        0.0%
BITSFR1              0      0       0       2        0.0%
SFR1                 0      0       0       2        0.0%
BITSFR2              0      0       0       3        0.0%
SFR2                 0      0       0       3        0.0%
STACK                0      0       0       3        0.0%
BITSFR3              0      0       0       4        0.0%
SFR3                 0      0       0       4        0.0%
ABS                  0      0       0       4        0.0%
BITBANK0            50      0       0       5        0.0%
BITSFR4              0      0       0       5        0.0%
SFR4                 0      0       0       5        0.0%
BANK0               50      0       0       6        0.0%
BITSFR5              0      0       0       6        0.0%
SFR5                 0      0       0       6        0.0%
BITBANK1            50      0       0       7        0.0%
BITSFR6              0      0       0       7        0.0%
SFR6                 0      0       0       7        0.0%
BANK1               50      0       0       8        0.0%
BITSFR7              0      0       0       8        0.0%
SFR7                 0      0       0       8        0.0%
BITBANK2            50      0       0       9        0.0%
BITSFR8              0      0       0       9        0.0%
SFR8                 0      0       0       9        0.0%
BANK2               50      0       0      10        0.0%
BITSFR9              0      0       0      10        0.0%
SFR9                 0      0       0      10        0.0%
BITBANK3            50      0       0      11        0.0%
BITSFR10             0      0       0      11        0.0%
SFR10                0      0       0      11        0.0%
BANK3               50      0       0      12        0.0%
BITSFR11             0      0       0      12        0.0%
SFR11                0      0       0      12        0.0%
BITBANK4            50      0       0      13        0.0%
BITSFR12             0      0       0      13        0.0%
SFR12                0      0       0      13        0.0%
BANK4               50      0       0      14        0.0%
BITSFR13             0      0       0      14        0.0%
SFR13                0      0       0      14        0.0%
BITBANK5            50      0       0      15        0.0%
BITSFR14             0      0       0      15        0.0%
SFR14                0      0       0      15        0.0%
BANK5               50      0       0      16        0.0%
BITSFR15             0      0       0      16        0.0%
SFR15                0      0       0      16        0.0%
BITBANK6            10      0       0      17        0.0%
BITSFR16             0      0       0      17        0.0%
SFR16                0      0       0      17        0.0%
BANK6               10      0       0      18        0.0%
BITSFR17             0      0       0      18        0.0%
SFR17                0      0       0      18        0.0%
BITSFR18             0      0       0      19        0.0%
SFR18                0      0       0      19        0.0%
DATA                 0      0       0      19        0.0%
BITSFR19             0      0       0      20        0.0%
SFR19                0      0       0      20        0.0%
BITSFR20             0      0       0      21        0.0%
SFR20                0      0       0      21        0.0%
BITSFR21             0      0       0      22        0.0%
SFR21                0      0       0      22        0.0%
BITSFR22             0      0       0      23        0.0%
SFR22                0      0       0      23        0.0%
BITSFR23             0      0       0      24        0.0%
SFR23                0      0       0      24        0.0%
BITSFR24             0      0       0      25        0.0%
SFR24                0      0       0      25        0.0%
BITSFR25             0      0       0      26        0.0%
SFR25                0      0       0      26        0.0%
BITSFR26             0      0       0      27        0.0%
SFR26                0      0       0      27        0.0%
BITSFR27             0      0       0      28        0.0%
SFR27                0      0       0      28        0.0%
BITSFR28             0      0       0      29        0.0%
SFR28                0      0       0      29        0.0%
BITSFR29             0      0       0      30        0.0%
SFR29                0      0       0      30        0.0%
BITSFR30             0      0       0      31        0.0%
SFR30                0      0       0      31        0.0%
BITSFR31             0      0       0      32        0.0%
SFR31                0      0       0      32        0.0%
BITSFR32             0      0       0      33        0.0%
SFR32                0      0       0      33        0.0%
BITSFR33             0      0       0      34        0.0%
SFR33                0      0       0      34        0.0%
BITSFR34             0      0       0      35        0.0%
SFR34                0      0       0      35        0.0%
BITSFR35             0      0       0      36        0.0%
SFR35                0      0       0      36        0.0%
BITSFR36             0      0       0      37        0.0%
SFR36                0      0       0      37        0.0%
BITSFR37             0      0       0      38        0.0%
SFR37                0      0       0      38        0.0%
BITSFR38             0      0       0      39        0.0%
SFR38                0      0       0      39        0.0%
BITSFR39             0      0       0      40        0.0%
SFR39                0      0       0      40        0.0%
BITSFR40             0      0       0      41        0.0%
SFR40                0      0       0      41        0.0%
BITSFR41             0      0       0      42        0.0%
SFR41                0      0       0      42        0.0%
BITSFR42             0      0       0      43        0.0%
SFR42                0      0       0      43        0.0%
BITSFR43             0      0       0      44        0.0%
SFR43                0      0       0      44        0.0%
BITSFR44             0      0       0      45        0.0%
SFR44                0      0       0      45        0.0%
BITSFR45             0      0       0      46        0.0%
SFR45                0      0       0      46        0.0%
BITSFR46             0      0       0      47        0.0%
SFR46                0      0       0      47        0.0%
BITSFR47             0      0       0      48        0.0%
SFR47                0      0       0      48        0.0%
BITSFR48             0      0       0      49        0.0%
SFR48                0      0       0      49        0.0%
BITSFR49             0      0       0      50        0.0%
SFR49                0      0       0      50        0.0%
BITSFR50             0      0       0      51        0.0%
SFR50                0      0       0      51        0.0%
BITSFR51             0      0       0      52        0.0%
SFR51                0      0       0      52        0.0%
BITSFR52             0      0       0      53        0.0%
SFR52                0      0       0      53        0.0%
BITSFR53             0      0       0      54        0.0%
SFR53                0      0       0      54        0.0%
BITSFR54             0      0       0      55        0.0%
SFR54                0      0       0      55        0.0%
BITSFR55             0      0       0      56        0.0%
SFR55                0      0       0      56        0.0%
BITSFR56             0      0       0      57        0.0%
SFR56                0      0       0      57        0.0%
BITSFR57             0      0       0      58        0.0%
SFR57                0      0       0      58        0.0%
BITSFR58             0      0       0      59        0.0%
SFR58                0      0       0      59        0.0%
BITSFR59             0      0       0      60        0.0%
SFR59                0      0       0      60        0.0%
BITSFR60             0      0       0      61        0.0%
SFR60                0      0       0      61        0.0%
BITSFR61             0      0       0      62        0.0%
SFR61                0      0       0      62        0.0%
BITSFR62             0      0       0      63        0.0%
SFR62                0      0       0      63        0.0%
BITSFR63             0      0       0      64        0.0%
SFR63                0      0       0      64        0.0%


Microchip Technology PIC Macro Assembler V2.20 build 20200408173844 
Symbol Table                                                                                   Fri Jun 05 13:05:07 2020

                              l9 07B7                               l16 07AD                               l17 07AD  
                             l60 07A9                               l36 07C5                               l63 07A4  
                             l57 07D5                              l110 07FC                              l640 07BB  
                            l650 07D6                              l642 07BC                              l660 07E3  
                            l652 07DA                              l636 07B0                              l644 07BF  
                            l670 07EE                              l662 07E5                              l654 07DC  
                            l646 07C0                              l638 07B8                              l680 07F8  
                            l672 07F0                              l664 07EA                              l656 07DE  
                            l648 07C2                              l682 07FA                              l674 07F2  
                            l666 07EC                              l658 07E0                              l690 07C9  
                            l684 07A5                              l676 07F4                              l668 07ED  
                            l692 07CC                              l678 07F6                              l686 07A2  
                            l694 07AA                              l688 07C6                  _TMR2_Initialize 07B8  
                           _LATA 0018                             _LATB 0019                             _LATC 001A  
                           _T2PR 028D                             _WPUA 1F39                             _WPUB 1F44  
                           _WPUC 1F4F                             _main 07AA                             btemp 007E  
                           start 0002   __size_of_OSCILLATOR_Initialize 0005    __end_of_OSCILLATOR_Initialize 07AA  
                          ?_main 0000                            _T2CON 028E                            _T2HLT 028F  
                          _T2TMR 028C                            _T2RST 0291                            _OSCEN 0891  
                          _TRISA 0012                            _TRISB 0013                            _TRISC 0014  
                 _WDT_Initialize 07A2          __end_of_PWM3_Initialize 07B8                            wtemp0 007E  
                __initialization 07FD                     __end_of_main 07B0          __end_of_TMR2_Initialize 07C6  
                         ??_main 0000           __end_of_WDT_Initialize 07A5                           _ANSELA 1F38  
                         _ANSELB 1F43                           _ANSELC 1F4E                           _RA2PPS 1F12  
                         _ODCONA 1F3A                           _ODCONB 1F45                           _ODCONC 1F50  
                         _INLVLA 1F3C                           _INLVLB 1F47                           _INLVLC 1F52  
                         _OSCFRQ 0893                           _WDTCON 080C                  ?_WDT_Initialize 0000  
               ?_PWM3_Initialize 0000                _SYSTEM_Initialize 07C6          __end_of__initialization 07FD  
             ?_SYSTEM_Initialize 0000                   __pcstackCOMMON 0000              ??_SYSTEM_Initialize 0000  
               ?_TMR2_Initialize 0000        __end_of_SYSTEM_Initialize 07D6                       __pmaintext 07AA  
                        _OSCTUNE 0892                          _PWM3DCH 0315                          _PWM3DCL 0314  
                        _PWM3CON 0316                          _SLRCONA 1F3B                          _SLRCONB 1F46  
                        _SLRCONC 1F51                          __ptext1 07C6                          __ptext2 07A2  
                        __ptext3 07B8                          __ptext4 07B0                          __ptext5 07D6  
                        __ptext6 07A5            _OSCILLATOR_Initialize 07A5         ??_PIN_MANAGER_Initialize 0000  
     __size_of_SYSTEM_Initialize 0010             end_of_initialization 07FD                 ??_WDT_Initialize 0000  
         ?_OSCILLATOR_Initialize 0000              start_initialization 07FD  __size_of_PIN_MANAGER_Initialize 0027  
       __size_of_PWM3_Initialize 0008                        ___latbits 0001         __size_of_TMR2_Initialize 000E  
         _PIN_MANAGER_Initialize 07D6                         _T2CLKCON 0290                         _PIR1bits 070D  
              ??_PWM3_Initialize 0000                ??_TMR2_Initialize 0000          ??_OSCILLATOR_Initialize 0000  
                  __size_of_main 0006          __size_of_WDT_Initialize 0003          ?_PIN_MANAGER_Initialize 0000  
 __end_of_PIN_MANAGER_Initialize 07FD                  _PWM3_Initialize 07B0  
